<?xml version="1.0" encoding="UTF-8"?>
<!-- Generated by org.testng.reporters.JUnitReportReporter -->
<testsuite skipped="0" hostname="LAPTOP-L5BIJMGE" name="qaclickacademy.SeleniumTest" tests="1" failures="0" timestamp="2019-03-08T23:59:24 IST" time="0.008" errors="0">
  <testcase name="selenuimTest1" time="0.008" classname="qaclickacademy.SeleniumTest"/>
</testsuite> <!-- qaclickacademy.SeleniumTest -->
