<?xml version="1.0" encoding="UTF-8"?>
<!-- Generated by org.testng.reporters.JUnitReportReporter -->
<testsuite skipped="0" hostname="LAPTOP-L5BIJMGE" name="qaclickacademy.SeleniumTest" tests="2" failures="0" timestamp="2019-03-09T01:15:32 IST" time="0.000" errors="0">
  <testcase name="selenuimTest1" time="0.000" classname="qaclickacademy.SeleniumTest"/>
  <testcase name="selenuimTest2" time="0.000" classname="qaclickacademy.SeleniumTest"/>
</testsuite> <!-- qaclickacademy.SeleniumTest -->
