<?xml version="1.0" encoding="UTF-8"?>
<!-- Generated by org.testng.reporters.JUnitReportReporter -->
<testsuite skipped="0" hostname="LAPTOP-L5BIJMGE" name="qaclickacademy.Login" tests="1" failures="0" timestamp="2019-03-09T00:55:36 IST" time="0.008" errors="0">
  <testcase name="Login1" time="0.008" classname="qaclickacademy.Login"/>
</testsuite> <!-- qaclickacademy.Login -->
