<?xml version="1.0" encoding="UTF-8"?>
<!-- Generated by org.testng.reporters.JUnitReportReporter -->
<testsuite skipped="0" hostname="LAPTOP-L5BIJMGE" name="qaclickacademy.RestAPITest" tests="2" failures="0" timestamp="2019-03-09T00:22:52 IST" time="0.000" errors="0">
  <testcase name="RestAPI1" time="0.000" classname="qaclickacademy.RestAPITest"/>
  <testcase name="RestAPI2" time="0.000" classname="qaclickacademy.RestAPITest"/>
</testsuite> <!-- qaclickacademy.RestAPITest -->
